11:19:13.535 INFO  com.li.controller.LoginController 36 loginUser - hlhdidi
11:19:13.542 WARN  com.li.controller.LoginController 37 loginUser - org.apache.shiro.authc.UsernamePasswordToken - hlhdidi, rememberMe=false
11:19:13.543 WARN  com.li.web.AuthRealm 33 doGetAuthenticationInfo - hlhdidi
11:19:13.544 WARN  com.li.service.impl.UserServiceImpl 18 findUserByName - hlhdidi
11:19:13.913 WARN  com.li.web.AuthRealm 35 doGetAuthenticationInfo - hlhdidi
11:19:13.916 WARN  com.li.web.CredentialsMatcher 18 doCredentialsMatch - 123
11:19:13.916 WARN  com.li.web.CredentialsMatcher 21 doCredentialsMatch - 123
11:19:13.923 WARN  com.li.controller.LoginController 44 loginUser - success
14:47:08.732 INFO  com.li.controller.LoginController 36 loginUser - hlhdidi
14:47:08.733 WARN  com.li.controller.LoginController 37 loginUser - org.apache.shiro.authc.UsernamePasswordToken - hlhdidi, rememberMe=false
14:47:08.734 WARN  com.li.web.AuthRealm 33 doGetAuthenticationInfo - hlhdidi
14:47:08.735 WARN  com.li.service.impl.UserServiceImpl 18 findUserByName - hlhdidi
14:47:08.742 WARN  com.li.web.AuthRealm 35 doGetAuthenticationInfo - hlhdidi
14:47:08.742 WARN  com.li.web.CredentialsMatcher 18 doCredentialsMatch - 123
14:47:08.743 WARN  com.li.web.CredentialsMatcher 21 doCredentialsMatch - 123
14:47:08.743 WARN  com.li.controller.LoginController 44 loginUser - success
14:47:15.171 INFO  com.li.controller.LoginController 36 loginUser - null
14:47:15.172 WARN  com.li.controller.LoginController 37 loginUser - org.apache.shiro.authc.UsernamePasswordToken - null, rememberMe=false
14:47:15.173 WARN  com.li.web.AuthRealm 33 doGetAuthenticationInfo - null
14:47:15.173 WARN  com.li.service.impl.UserServiceImpl 18 findUserByName - null
14:47:17.104 INFO  com.li.controller.LoginController 36 loginUser - hlhdidi
14:47:17.105 WARN  com.li.controller.LoginController 37 loginUser - org.apache.shiro.authc.UsernamePasswordToken - hlhdidi, rememberMe=false
14:47:17.107 WARN  com.li.web.AuthRealm 33 doGetAuthenticationInfo - hlhdidi
14:47:17.108 WARN  com.li.service.impl.UserServiceImpl 18 findUserByName - hlhdidi
14:47:17.113 WARN  com.li.web.AuthRealm 35 doGetAuthenticationInfo - hlhdidi
14:47:17.114 WARN  com.li.web.CredentialsMatcher 18 doCredentialsMatch - 123
14:47:17.114 WARN  com.li.web.CredentialsMatcher 21 doCredentialsMatch - 123
14:47:17.115 WARN  com.li.controller.LoginController 44 loginUser - success
